<?xml version="1.0" encoding="UTF-8"?>
<testsuite xmlns:xsi="http://www.w3.org/2001/XMLSchema-instance" xsi:noNamespaceSchemaLocation="https://maven.apache.org/surefire/maven-surefire-plugin/xsd/surefire-test-report-3.0.xsd" version="3.0" name="TemperatureConverterTest" time="0.1" tests="3" errors="0" skipped="0" failures="0">
  <properties>
[...]
</properties>
  <testcase name="isExtremeTemperature" classname="TemperatureConverterTest" time="0.042"/>
  <testcase name="fahrenheitToCelsius" classname="TemperatureConverterTest" time="0.006"/>
  <testcase name="celsiusToFahrenheit" classname="TemperatureConverterTest" time="0.002"/>
</testsuite>